2022-04-16 18:57:32 [background-preinit] INFO  o.h.validator.internal.util.Version - HV000001: Hibernate Validator 6.2.3.Final
2022-04-16 18:57:32 [main] INFO  c.m.demo.config.server.ConfigServer - Starting ConfigServer using Java 11.0.6 on AHMET-PC with PID 11088 (C:\development\assignment\poll-app-hexagonal\pollstack-demo\config-server\target\classes started by ahmet in C:\development\assignment\poll-app-hexagonal\pollstack-demo)
2022-04-16 18:57:32 [main] INFO  c.m.demo.config.server.ConfigServer - The following 2 profiles are active: "local", "native"
2022-04-16 18:57:34 [main] INFO  o.s.cloud.context.scope.GenericScope - BeanFactory id=91fb09b5-6906-35b5-aeb8-62cc0018aebc
2022-04-16 18:57:35 [main] INFO  o.s.b.w.e.tomcat.TomcatWebServer - Tomcat initialized with port(s): 8888 (http)
2022-04-16 18:57:35 [main] INFO  o.a.coyote.http11.Http11NioProtocol - Initializing ProtocolHandler ["http-nio-8888"]
2022-04-16 18:57:35 [main] INFO  o.a.catalina.core.StandardService - Starting service [Tomcat]
2022-04-16 18:57:35 [main] INFO  o.a.catalina.core.StandardEngine - Starting Servlet engine: [Apache Tomcat/9.0.60]
2022-04-16 18:57:36 [main] INFO  o.a.c.c.C.[Tomcat].[localhost].[/] - Initializing Spring embedded WebApplicationContext
2022-04-16 18:57:36 [main] INFO  o.s.b.w.s.c.ServletWebServerApplicationContext - Root WebApplicationContext: initialization completed in 3645 ms
2022-04-16 18:57:41 [main] INFO  o.a.coyote.http11.Http11NioProtocol - Starting ProtocolHandler ["http-nio-8888"]
2022-04-16 18:57:41 [main] INFO  o.s.b.w.e.tomcat.TomcatWebServer - Tomcat started on port(s): 8888 (http) with context path ''
2022-04-16 18:57:44 [main] INFO  c.m.demo.config.server.ConfigServer - Started ConfigServer in 16.155 seconds (JVM running for 21.622)
2022-04-16 19:00:08 [http-nio-8888-exec-1] INFO  o.a.c.c.C.[Tomcat].[localhost].[/] - Initializing Spring DispatcherServlet 'dispatcherServlet'
2022-04-16 19:00:08 [http-nio-8888-exec-1] INFO  o.s.web.servlet.DispatcherServlet - Initializing Servlet 'dispatcherServlet'
2022-04-16 19:00:09 [http-nio-8888-exec-1] INFO  o.s.web.servlet.DispatcherServlet - Completed initialization in 5 ms
2022-04-16 19:00:09 [http-nio-8888-exec-1] INFO  o.s.c.c.s.e.NativeEnvironmentRepository - Adding property source: Config resource 'class path resource [config/poll-manager-dev.yml]' via location 'classpath:/config/'
2022-04-16 19:00:24 [http-nio-8888-exec-2] INFO  o.s.c.c.s.e.NativeEnvironmentRepository - Adding property source: Config resource 'class path resource [config/poll-manager-dev.yml]' via location 'classpath:/config/'
2022-04-16 19:11:25 [http-nio-8888-exec-5] INFO  o.s.c.c.s.e.NativeEnvironmentRepository - Adding property source: Config resource 'class path resource [config/poll-manager-dev.yml]' via location 'classpath:/config/'
2022-04-16 19:11:32 [http-nio-8888-exec-6] INFO  o.s.c.c.s.e.NativeEnvironmentRepository - Adding property source: Config resource 'class path resource [config/poll-manager-dev.yml]' via location 'classpath:/config/'
2022-04-16 19:22:07 [background-preinit] INFO  o.h.validator.internal.util.Version - HV000001: Hibernate Validator 6.2.3.Final
2022-04-16 19:22:07 [main] INFO  c.m.demo.config.server.ConfigServer - Starting ConfigServer using Java 11.0.6 on AHMET-PC with PID 20996 (C:\development\assignment\poll-app-hexagonal\pollstack-demo\config-server\target\classes started by ahmet in C:\development\assignment\poll-app-hexagonal\pollstack-demo)
2022-04-16 19:22:07 [main] INFO  c.m.demo.config.server.ConfigServer - The following 2 profiles are active: "local", "native"
2022-04-16 19:22:08 [main] INFO  o.s.cloud.context.scope.GenericScope - BeanFactory id=91fb09b5-6906-35b5-aeb8-62cc0018aebc
2022-04-16 19:22:08 [main] INFO  o.s.b.w.e.tomcat.TomcatWebServer - Tomcat initialized with port(s): 8888 (http)
2022-04-16 19:22:08 [main] INFO  o.a.coyote.http11.Http11NioProtocol - Initializing ProtocolHandler ["http-nio-8888"]
2022-04-16 19:22:08 [main] INFO  o.a.catalina.core.StandardService - Starting service [Tomcat]
2022-04-16 19:22:08 [main] INFO  o.a.catalina.core.StandardEngine - Starting Servlet engine: [Apache Tomcat/9.0.60]
2022-04-16 19:22:08 [main] INFO  o.a.c.c.C.[Tomcat].[localhost].[/] - Initializing Spring embedded WebApplicationContext
2022-04-16 19:22:08 [main] INFO  o.s.b.w.s.c.ServletWebServerApplicationContext - Root WebApplicationContext: initialization completed in 960 ms
2022-04-16 19:22:10 [main] INFO  o.a.coyote.http11.Http11NioProtocol - Starting ProtocolHandler ["http-nio-8888"]
2022-04-16 19:22:10 [main] INFO  o.s.b.w.e.tomcat.TomcatWebServer - Tomcat started on port(s): 8888 (http) with context path ''
2022-04-16 19:22:10 [main] INFO  c.m.demo.config.server.ConfigServer - Started ConfigServer in 4.951 seconds (JVM running for 6.897)
2022-04-16 19:22:28 [http-nio-8888-exec-1] INFO  o.a.c.c.C.[Tomcat].[localhost].[/] - Initializing Spring DispatcherServlet 'dispatcherServlet'
2022-04-16 19:22:28 [http-nio-8888-exec-1] INFO  o.s.web.servlet.DispatcherServlet - Initializing Servlet 'dispatcherServlet'
2022-04-16 19:22:28 [http-nio-8888-exec-1] INFO  o.s.web.servlet.DispatcherServlet - Completed initialization in 1 ms
2022-04-16 19:22:28 [http-nio-8888-exec-1] INFO  o.s.c.c.s.e.NativeEnvironmentRepository - Adding property source: Config resource 'class path resource [config/poll-manager-dev.yml]' via location 'classpath:/config/'
2022-04-16 19:22:29 [http-nio-8888-exec-3] INFO  o.s.c.c.s.e.NativeEnvironmentRepository - Adding property source: Config resource 'class path resource [config/poll-manager-dev.yml]' via location 'classpath:/config/'
2022-04-16 19:28:15 [http-nio-8888-exec-9] INFO  o.s.c.c.s.e.NativeEnvironmentRepository - Adding property source: Config resource 'class path resource [config/poll-manager-dev.yml]' via location 'classpath:/config/'
2022-04-16 19:28:16 [http-nio-8888-exec-6] INFO  o.s.c.c.s.e.NativeEnvironmentRepository - Adding property source: Config resource 'class path resource [config/poll-manager-dev.yml]' via location 'classpath:/config/'
2022-04-16 19:29:08 [http-nio-8888-exec-2] INFO  o.s.c.c.s.e.NativeEnvironmentRepository - Adding property source: Config resource 'class path resource [config/poll-manager-dev.yml]' via location 'classpath:/config/'
2022-04-16 19:29:09 [http-nio-8888-exec-10] INFO  o.s.c.c.s.e.NativeEnvironmentRepository - Adding property source: Config resource 'class path resource [config/poll-manager-dev.yml]' via location 'classpath:/config/'
