2022-04-13 00:31:53 [background-preinit] INFO  o.h.validator.internal.util.Version - HV000001: Hibernate Validator 6.2.3.Final
2022-04-13 00:31:53 [main] INFO  c.m.demo.config.server.ConfigServer - Starting ConfigServer using Java 11.0.6 on AHMET-PC with PID 16180 (C:\development\assignment\poll-app-hexagonal\pollstack-demo\config-server\target\classes started by ahmet in C:\development\assignment\poll-app-hexagonal\pollstack-demo)
2022-04-13 00:31:53 [main] INFO  c.m.demo.config.server.ConfigServer - The following 2 profiles are active: "local", "native"
2022-04-13 00:31:53 [main] INFO  o.s.cloud.context.scope.GenericScope - BeanFactory id=91fb09b5-6906-35b5-aeb8-62cc0018aebc
2022-04-13 00:31:54 [main] INFO  o.s.b.w.e.tomcat.TomcatWebServer - Tomcat initialized with port(s): 8888 (http)
2022-04-13 00:31:54 [main] INFO  o.a.coyote.http11.Http11NioProtocol - Initializing ProtocolHandler ["http-nio-8888"]
2022-04-13 00:31:54 [main] INFO  o.a.catalina.core.StandardService - Starting service [Tomcat]
2022-04-13 00:31:54 [main] INFO  o.a.catalina.core.StandardEngine - Starting Servlet engine: [Apache Tomcat/9.0.60]
2022-04-13 00:31:54 [main] INFO  o.a.c.c.C.[Tomcat].[localhost].[/] - Initializing Spring embedded WebApplicationContext
2022-04-13 00:31:54 [main] INFO  o.s.b.w.s.c.ServletWebServerApplicationContext - Root WebApplicationContext: initialization completed in 935 ms
2022-04-13 00:31:55 [main] INFO  o.a.coyote.http11.Http11NioProtocol - Starting ProtocolHandler ["http-nio-8888"]
2022-04-13 00:31:55 [main] INFO  o.s.b.w.e.tomcat.TomcatWebServer - Tomcat started on port(s): 8888 (http) with context path ''
2022-04-13 00:31:56 [main] INFO  c.m.demo.config.server.ConfigServer - Started ConfigServer in 4.413 seconds (JVM running for 5.867)
2022-04-13 00:42:51 [http-nio-8888-exec-1] INFO  o.a.c.c.C.[Tomcat].[localhost].[/] - Initializing Spring DispatcherServlet 'dispatcherServlet'
2022-04-13 00:42:51 [http-nio-8888-exec-1] INFO  o.s.web.servlet.DispatcherServlet - Initializing Servlet 'dispatcherServlet'
2022-04-13 00:42:51 [http-nio-8888-exec-1] INFO  o.s.web.servlet.DispatcherServlet - Completed initialization in 1 ms
2022-04-13 00:42:51 [http-nio-8888-exec-1] INFO  o.s.c.c.s.e.NativeEnvironmentRepository - Adding property source: Config resource 'class path resource [config/poll-manager-dev.yml]' via location 'classpath:/config/'
2022-04-13 00:42:52 [http-nio-8888-exec-2] INFO  o.s.c.c.s.e.NativeEnvironmentRepository - Adding property source: Config resource 'class path resource [config/poll-manager-dev.yml]' via location 'classpath:/config/'
2022-04-13 00:46:05 [http-nio-8888-exec-6] INFO  o.s.c.c.s.e.NativeEnvironmentRepository - Adding property source: Config resource 'class path resource [config/poll-manager-dev.yml]' via location 'classpath:/config/'
2022-04-13 00:46:07 [http-nio-8888-exec-7] INFO  o.s.c.c.s.e.NativeEnvironmentRepository - Adding property source: Config resource 'class path resource [config/poll-manager-dev.yml]' via location 'classpath:/config/'
2022-04-13 00:50:04 [http-nio-8888-exec-9] INFO  o.s.c.c.s.e.NativeEnvironmentRepository - Adding property source: Config resource 'class path resource [config/poll-manager-dev.yml]' via location 'classpath:/config/'
2022-04-13 00:50:05 [http-nio-8888-exec-10] INFO  o.s.c.c.s.e.NativeEnvironmentRepository - Adding property source: Config resource 'class path resource [config/poll-manager-dev.yml]' via location 'classpath:/config/'
2022-04-13 00:51:08 [http-nio-8888-exec-3] INFO  o.s.c.c.s.e.NativeEnvironmentRepository - Adding property source: Config resource 'class path resource [config/poll-manager-dev.yml]' via location 'classpath:/config/'
2022-04-13 00:51:09 [http-nio-8888-exec-4] INFO  o.s.c.c.s.e.NativeEnvironmentRepository - Adding property source: Config resource 'class path resource [config/poll-manager-dev.yml]' via location 'classpath:/config/'
2022-04-13 00:57:43 [http-nio-8888-exec-5] INFO  o.s.c.c.s.e.NativeEnvironmentRepository - Adding property source: Config resource 'class path resource [config/poll-manager-dev.yml]' via location 'classpath:/config/'
2022-04-13 00:57:44 [http-nio-8888-exec-8] INFO  o.s.c.c.s.e.NativeEnvironmentRepository - Adding property source: Config resource 'class path resource [config/poll-manager-dev.yml]' via location 'classpath:/config/'
2022-04-13 00:59:32 [http-nio-8888-exec-1] INFO  o.s.c.c.s.e.NativeEnvironmentRepository - Adding property source: Config resource 'class path resource [config/poll-manager-dev.yml]' via location 'classpath:/config/'
2022-04-13 00:59:34 [http-nio-8888-exec-2] INFO  o.s.c.c.s.e.NativeEnvironmentRepository - Adding property source: Config resource 'class path resource [config/poll-manager-dev.yml]' via location 'classpath:/config/'
2022-04-13 01:04:03 [http-nio-8888-exec-6] INFO  o.s.c.c.s.e.NativeEnvironmentRepository - Adding property source: Config resource 'class path resource [config/poll-manager-dev.yml]' via location 'classpath:/config/'
2022-04-13 01:04:04 [http-nio-8888-exec-7] INFO  o.s.c.c.s.e.NativeEnvironmentRepository - Adding property source: Config resource 'class path resource [config/poll-manager-dev.yml]' via location 'classpath:/config/'
2022-04-13 01:05:20 [http-nio-8888-exec-9] INFO  o.s.c.c.s.e.NativeEnvironmentRepository - Adding property source: Config resource 'class path resource [config/poll-manager-dev.yml]' via location 'classpath:/config/'
2022-04-13 01:05:21 [http-nio-8888-exec-10] INFO  o.s.c.c.s.e.NativeEnvironmentRepository - Adding property source: Config resource 'class path resource [config/poll-manager-dev.yml]' via location 'classpath:/config/'
2022-04-13 01:06:21 [http-nio-8888-exec-3] INFO  o.s.c.c.s.e.NativeEnvironmentRepository - Adding property source: Config resource 'class path resource [config/poll-manager-dev.yml]' via location 'classpath:/config/'
2022-04-13 01:06:22 [http-nio-8888-exec-4] INFO  o.s.c.c.s.e.NativeEnvironmentRepository - Adding property source: Config resource 'class path resource [config/poll-manager-dev.yml]' via location 'classpath:/config/'
2022-04-13 01:09:47 [http-nio-8888-exec-5] INFO  o.s.c.c.s.e.NativeEnvironmentRepository - Adding property source: Config resource 'class path resource [config/poll-manager-dev.yml]' via location 'classpath:/config/'
2022-04-13 01:09:48 [http-nio-8888-exec-8] INFO  o.s.c.c.s.e.NativeEnvironmentRepository - Adding property source: Config resource 'class path resource [config/poll-manager-dev.yml]' via location 'classpath:/config/'
2022-04-13 01:11:42 [http-nio-8888-exec-1] INFO  o.s.c.c.s.e.NativeEnvironmentRepository - Adding property source: Config resource 'class path resource [config/poll-manager-dev.yml]' via location 'classpath:/config/'
2022-04-13 01:11:43 [http-nio-8888-exec-2] INFO  o.s.c.c.s.e.NativeEnvironmentRepository - Adding property source: Config resource 'class path resource [config/poll-manager-dev.yml]' via location 'classpath:/config/'
2022-04-13 01:12:29 [http-nio-8888-exec-6] INFO  o.s.c.c.s.e.NativeEnvironmentRepository - Adding property source: Config resource 'class path resource [config/poll-manager-dev.yml]' via location 'classpath:/config/'
2022-04-13 01:12:30 [http-nio-8888-exec-7] INFO  o.s.c.c.s.e.NativeEnvironmentRepository - Adding property source: Config resource 'class path resource [config/poll-manager-dev.yml]' via location 'classpath:/config/'
2022-04-13 01:14:26 [http-nio-8888-exec-9] INFO  o.s.c.c.s.e.NativeEnvironmentRepository - Adding property source: Config resource 'class path resource [config/poll-manager-dev.yml]' via location 'classpath:/config/'
2022-04-13 01:14:27 [http-nio-8888-exec-10] INFO  o.s.c.c.s.e.NativeEnvironmentRepository - Adding property source: Config resource 'class path resource [config/poll-manager-dev.yml]' via location 'classpath:/config/'
2022-04-13 01:15:34 [http-nio-8888-exec-3] INFO  o.s.c.c.s.e.NativeEnvironmentRepository - Adding property source: Config resource 'class path resource [config/poll-manager-dev.yml]' via location 'classpath:/config/'
2022-04-13 01:15:36 [http-nio-8888-exec-4] INFO  o.s.c.c.s.e.NativeEnvironmentRepository - Adding property source: Config resource 'class path resource [config/poll-manager-dev.yml]' via location 'classpath:/config/'
2022-04-13 01:18:34 [http-nio-8888-exec-5] INFO  o.s.c.c.s.e.NativeEnvironmentRepository - Adding property source: Config resource 'class path resource [config/poll-manager-dev.yml]' via location 'classpath:/config/'
2022-04-13 01:18:36 [http-nio-8888-exec-8] INFO  o.s.c.c.s.e.NativeEnvironmentRepository - Adding property source: Config resource 'class path resource [config/poll-manager-dev.yml]' via location 'classpath:/config/'
2022-04-13 01:20:34 [http-nio-8888-exec-1] INFO  o.s.c.c.s.e.NativeEnvironmentRepository - Adding property source: Config resource 'class path resource [config/poll-manager-dev.yml]' via location 'classpath:/config/'
2022-04-13 01:20:36 [http-nio-8888-exec-2] INFO  o.s.c.c.s.e.NativeEnvironmentRepository - Adding property source: Config resource 'class path resource [config/poll-manager-dev.yml]' via location 'classpath:/config/'
2022-04-13 01:23:38 [http-nio-8888-exec-6] INFO  o.s.c.c.s.e.NativeEnvironmentRepository - Adding property source: Config resource 'class path resource [config/poll-manager-dev.yml]' via location 'classpath:/config/'
2022-04-13 01:23:40 [http-nio-8888-exec-7] INFO  o.s.c.c.s.e.NativeEnvironmentRepository - Adding property source: Config resource 'class path resource [config/poll-manager-dev.yml]' via location 'classpath:/config/'
2022-04-13 01:45:50 [main] INFO  c.m.demo.config.server.ConfigServer - Starting ConfigServer using Java 11.0.6 on AHMET-PC with PID 12868 (C:\development\assignment\poll-app-hexagonal\pollstack-demo\config-server\target\classes started by ahmet in C:\development\assignment\poll-app-hexagonal\pollstack-demo)
2022-04-13 01:45:50 [background-preinit] INFO  o.h.validator.internal.util.Version - HV000001: Hibernate Validator 6.2.3.Final
2022-04-13 01:45:50 [main] INFO  c.m.demo.config.server.ConfigServer - The following 2 profiles are active: "local", "native"
2022-04-13 01:45:51 [main] INFO  o.s.cloud.context.scope.GenericScope - BeanFactory id=91fb09b5-6906-35b5-aeb8-62cc0018aebc
2022-04-13 01:45:51 [main] INFO  o.s.b.w.e.tomcat.TomcatWebServer - Tomcat initialized with port(s): 8888 (http)
2022-04-13 01:45:51 [main] INFO  o.a.coyote.http11.Http11NioProtocol - Initializing ProtocolHandler ["http-nio-8888"]
2022-04-13 01:45:51 [main] INFO  o.a.catalina.core.StandardService - Starting service [Tomcat]
2022-04-13 01:45:51 [main] INFO  o.a.catalina.core.StandardEngine - Starting Servlet engine: [Apache Tomcat/9.0.60]
2022-04-13 01:45:52 [main] INFO  o.a.c.c.C.[Tomcat].[localhost].[/] - Initializing Spring embedded WebApplicationContext
2022-04-13 01:45:52 [main] INFO  o.s.b.w.s.c.ServletWebServerApplicationContext - Root WebApplicationContext: initialization completed in 1218 ms
2022-04-13 01:45:53 [main] INFO  o.a.coyote.http11.Http11NioProtocol - Starting ProtocolHandler ["http-nio-8888"]
2022-04-13 01:45:53 [main] INFO  o.s.b.w.e.tomcat.TomcatWebServer - Tomcat started on port(s): 8888 (http) with context path ''
2022-04-13 01:45:54 [main] INFO  c.m.demo.config.server.ConfigServer - Started ConfigServer in 5.462 seconds (JVM running for 7.509)
2022-04-13 01:46:06 [http-nio-8888-exec-1] INFO  o.a.c.c.C.[Tomcat].[localhost].[/] - Initializing Spring DispatcherServlet 'dispatcherServlet'
2022-04-13 01:46:06 [http-nio-8888-exec-1] INFO  o.s.web.servlet.DispatcherServlet - Initializing Servlet 'dispatcherServlet'
2022-04-13 01:46:06 [http-nio-8888-exec-1] INFO  o.s.web.servlet.DispatcherServlet - Completed initialization in 1 ms
2022-04-13 01:46:06 [http-nio-8888-exec-1] INFO  o.s.c.c.s.e.NativeEnvironmentRepository - Adding property source: Config resource 'class path resource [config/poll-manager-dev.yml]' via location 'classpath:/config/'
2022-04-13 01:46:07 [http-nio-8888-exec-3] INFO  o.s.c.c.s.e.NativeEnvironmentRepository - Adding property source: Config resource 'class path resource [config/poll-manager-dev.yml]' via location 'classpath:/config/'
2022-04-13 01:53:38 [http-nio-8888-exec-9] INFO  o.s.c.c.s.e.NativeEnvironmentRepository - Adding property source: Config resource 'class path resource [config/poll-manager-dev.yml]' via location 'classpath:/config/'
2022-04-13 01:53:39 [http-nio-8888-exec-6] INFO  o.s.c.c.s.e.NativeEnvironmentRepository - Adding property source: Config resource 'class path resource [config/poll-manager-dev.yml]' via location 'classpath:/config/'
2022-04-13 13:08:56 [main] INFO  c.m.demo.config.server.ConfigServer - Starting ConfigServer using Java 11.0.6 on AHMET-PC with PID 1532 (C:\development\assignment\poll-app-hexagonal\pollstack-demo\config-server\target\classes started by ahmet in C:\development\assignment\poll-app-hexagonal\pollstack-demo)
2022-04-13 13:08:56 [background-preinit] INFO  o.h.validator.internal.util.Version - HV000001: Hibernate Validator 6.2.3.Final
2022-04-13 13:08:56 [main] INFO  c.m.demo.config.server.ConfigServer - The following 2 profiles are active: "local", "native"
2022-04-13 13:08:57 [main] INFO  o.s.cloud.context.scope.GenericScope - BeanFactory id=91fb09b5-6906-35b5-aeb8-62cc0018aebc
2022-04-13 13:08:57 [main] INFO  o.s.b.w.e.tomcat.TomcatWebServer - Tomcat initialized with port(s): 8888 (http)
2022-04-13 13:08:57 [main] INFO  o.a.coyote.http11.Http11NioProtocol - Initializing ProtocolHandler ["http-nio-8888"]
2022-04-13 13:08:57 [main] INFO  o.a.catalina.core.StandardService - Starting service [Tomcat]
2022-04-13 13:08:57 [main] INFO  o.a.catalina.core.StandardEngine - Starting Servlet engine: [Apache Tomcat/9.0.60]
2022-04-13 13:08:57 [main] INFO  o.a.c.c.C.[Tomcat].[localhost].[/] - Initializing Spring embedded WebApplicationContext
2022-04-13 13:08:57 [main] INFO  o.s.b.w.s.c.ServletWebServerApplicationContext - Root WebApplicationContext: initialization completed in 1176 ms
2022-04-13 13:08:59 [main] INFO  o.a.coyote.http11.Http11NioProtocol - Starting ProtocolHandler ["http-nio-8888"]
2022-04-13 13:08:59 [main] INFO  o.s.b.w.e.tomcat.TomcatWebServer - Tomcat started on port(s): 8888 (http) with context path ''
2022-04-13 13:08:59 [main] INFO  c.m.demo.config.server.ConfigServer - Started ConfigServer in 4.875 seconds (JVM running for 6.853)
2022-04-13 13:09:22 [http-nio-8888-exec-1] INFO  o.a.c.c.C.[Tomcat].[localhost].[/] - Initializing Spring DispatcherServlet 'dispatcherServlet'
2022-04-13 13:09:22 [http-nio-8888-exec-1] INFO  o.s.web.servlet.DispatcherServlet - Initializing Servlet 'dispatcherServlet'
2022-04-13 13:09:22 [http-nio-8888-exec-1] INFO  o.s.web.servlet.DispatcherServlet - Completed initialization in 1 ms
2022-04-13 13:09:22 [http-nio-8888-exec-1] INFO  o.s.c.c.s.e.NativeEnvironmentRepository - Adding property source: Config resource 'class path resource [config/poll-manager-dev.yml]' via location 'classpath:/config/'
2022-04-13 13:09:23 [http-nio-8888-exec-3] INFO  o.s.c.c.s.e.NativeEnvironmentRepository - Adding property source: Config resource 'class path resource [config/poll-manager-dev.yml]' via location 'classpath:/config/'
2022-04-13 13:19:22 [http-nio-8888-exec-5] INFO  o.s.c.c.s.e.NativeEnvironmentRepository - Adding property source: Config resource 'class path resource [config/poll-manager-dev.yml]' via location 'classpath:/config/'
2022-04-13 13:19:23 [http-nio-8888-exec-9] INFO  o.s.c.c.s.e.NativeEnvironmentRepository - Adding property source: Config resource 'class path resource [config/poll-manager-dev.yml]' via location 'classpath:/config/'
2022-04-13 13:19:57 [http-nio-8888-exec-4] INFO  o.s.c.c.s.e.NativeEnvironmentRepository - Adding property source: Config resource 'class path resource [config/poll-manager-dev.yml]' via location 'classpath:/config/'
2022-04-13 13:19:58 [http-nio-8888-exec-10] INFO  o.s.c.c.s.e.NativeEnvironmentRepository - Adding property source: Config resource 'class path resource [config/poll-manager-dev.yml]' via location 'classpath:/config/'
2022-04-13 13:21:11 [http-nio-8888-exec-2] INFO  o.s.c.c.s.e.NativeEnvironmentRepository - Adding property source: Config resource 'class path resource [config/poll-manager-dev.yml]' via location 'classpath:/config/'
2022-04-13 13:21:12 [http-nio-8888-exec-6] INFO  o.s.c.c.s.e.NativeEnvironmentRepository - Adding property source: Config resource 'class path resource [config/poll-manager-dev.yml]' via location 'classpath:/config/'
2022-04-13 13:28:44 [http-nio-8888-exec-7] INFO  o.s.c.c.s.e.NativeEnvironmentRepository - Adding property source: Config resource 'class path resource [config/poll-manager-dev.yml]' via location 'classpath:/config/'
2022-04-13 13:28:45 [http-nio-8888-exec-8] INFO  o.s.c.c.s.e.NativeEnvironmentRepository - Adding property source: Config resource 'class path resource [config/poll-manager-dev.yml]' via location 'classpath:/config/'
2022-04-13 13:48:28 [background-preinit] INFO  o.h.validator.internal.util.Version - HV000001: Hibernate Validator 6.2.3.Final
2022-04-13 13:48:28 [main] INFO  c.m.demo.config.server.ConfigServer - Starting ConfigServer using Java 11.0.6 on AHMET-PC with PID 26888 (C:\development\assignment\poll-app-hexagonal\pollstack-demo\config-server\target\classes started by ahmet in C:\development\assignment\poll-app-hexagonal\pollstack-demo)
2022-04-13 13:48:28 [main] INFO  c.m.demo.config.server.ConfigServer - The following 2 profiles are active: "local", "native"
2022-04-13 13:48:30 [main] INFO  o.s.cloud.context.scope.GenericScope - BeanFactory id=91fb09b5-6906-35b5-aeb8-62cc0018aebc
2022-04-13 13:48:31 [main] INFO  o.s.b.w.e.tomcat.TomcatWebServer - Tomcat initialized with port(s): 8888 (http)
2022-04-13 13:48:31 [main] INFO  o.a.coyote.http11.Http11NioProtocol - Initializing ProtocolHandler ["http-nio-8888"]
2022-04-13 13:48:31 [main] INFO  o.a.catalina.core.StandardService - Starting service [Tomcat]
2022-04-13 13:48:31 [main] INFO  o.a.catalina.core.StandardEngine - Starting Servlet engine: [Apache Tomcat/9.0.60]
2022-04-13 13:48:31 [main] INFO  o.a.c.c.C.[Tomcat].[localhost].[/] - Initializing Spring embedded WebApplicationContext
2022-04-13 13:48:31 [main] INFO  o.s.b.w.s.c.ServletWebServerApplicationContext - Root WebApplicationContext: initialization completed in 3070 ms
2022-04-13 13:48:36 [main] INFO  o.a.coyote.http11.Http11NioProtocol - Starting ProtocolHandler ["http-nio-8888"]
2022-04-13 13:48:36 [main] INFO  o.s.b.w.e.tomcat.TomcatWebServer - Tomcat started on port(s): 8888 (http) with context path ''
2022-04-13 13:48:39 [main] INFO  c.m.demo.config.server.ConfigServer - Started ConfigServer in 15.082 seconds (JVM running for 19.764)
2022-04-13 13:50:13 [http-nio-8888-exec-1] INFO  o.a.c.c.C.[Tomcat].[localhost].[/] - Initializing Spring DispatcherServlet 'dispatcherServlet'
2022-04-13 13:50:13 [http-nio-8888-exec-1] INFO  o.s.web.servlet.DispatcherServlet - Initializing Servlet 'dispatcherServlet'
2022-04-13 13:50:13 [http-nio-8888-exec-1] INFO  o.s.web.servlet.DispatcherServlet - Completed initialization in 2 ms
2022-04-13 13:50:13 [http-nio-8888-exec-1] INFO  o.s.c.c.s.e.NativeEnvironmentRepository - Adding property source: Config resource 'class path resource [config/poll-manager-dev.yml]' via location 'classpath:/config/'
2022-04-13 13:50:17 [http-nio-8888-exec-2] INFO  o.s.c.c.s.e.NativeEnvironmentRepository - Adding property source: Config resource 'class path resource [config/poll-manager-dev.yml]' via location 'classpath:/config/'
2022-04-13 13:52:43 [http-nio-8888-exec-5] INFO  o.s.c.c.s.e.NativeEnvironmentRepository - Adding property source: Config resource 'class path resource [config/poll-manager-dev.yml]' via location 'classpath:/config/'
2022-04-13 13:52:47 [http-nio-8888-exec-6] INFO  o.s.c.c.s.e.NativeEnvironmentRepository - Adding property source: Config resource 'class path resource [config/poll-manager-dev.yml]' via location 'classpath:/config/'
2022-04-13 14:07:29 [http-nio-8888-exec-9] INFO  o.s.c.c.s.e.NativeEnvironmentRepository - Adding property source: Config resource 'class path resource [config/poll-manager-dev.yml]' via location 'classpath:/config/'
2022-04-13 14:07:33 [http-nio-8888-exec-10] INFO  o.s.c.c.s.e.NativeEnvironmentRepository - Adding property source: Config resource 'class path resource [config/poll-manager-dev.yml]' via location 'classpath:/config/'
