2022-04-30 17:17:28 [background-preinit] INFO  o.h.validator.internal.util.Version - HV000001: Hibernate Validator 6.2.3.Final
2022-04-30 17:17:28 [main] INFO  c.m.demo.config.server.ConfigServer - Starting ConfigServer using Java 11.0.6 on AHMET-PC with PID 2272 (C:\development\assignment\poll-app-hexagonal\pollstack-demo\config-server\target\classes started by ahmet in C:\development\assignment\poll-app-hexagonal\pollstack-demo)
2022-04-30 17:17:28 [main] INFO  c.m.demo.config.server.ConfigServer - The following 2 profiles are active: "local", "native"
2022-04-30 17:17:29 [main] INFO  o.s.cloud.context.scope.GenericScope - BeanFactory id=91fb09b5-6906-35b5-aeb8-62cc0018aebc
2022-04-30 17:17:29 [main] INFO  o.s.b.w.e.tomcat.TomcatWebServer - Tomcat initialized with port(s): 8888 (http)
2022-04-30 17:17:29 [main] INFO  o.a.coyote.http11.Http11NioProtocol - Initializing ProtocolHandler ["http-nio-8888"]
2022-04-30 17:17:29 [main] INFO  o.a.catalina.core.StandardService - Starting service [Tomcat]
2022-04-30 17:17:29 [main] INFO  o.a.catalina.core.StandardEngine - Starting Servlet engine: [Apache Tomcat/9.0.60]
2022-04-30 17:17:29 [main] INFO  o.a.c.c.C.[Tomcat].[localhost].[/] - Initializing Spring embedded WebApplicationContext
2022-04-30 17:17:29 [main] INFO  o.s.b.w.s.c.ServletWebServerApplicationContext - Root WebApplicationContext: initialization completed in 1077 ms
2022-04-30 17:17:30 [main] INFO  o.a.coyote.http11.Http11NioProtocol - Starting ProtocolHandler ["http-nio-8888"]
2022-04-30 17:17:31 [main] INFO  o.s.b.w.e.tomcat.TomcatWebServer - Tomcat started on port(s): 8888 (http) with context path ''
2022-04-30 17:17:31 [main] INFO  c.m.demo.config.server.ConfigServer - Started ConfigServer in 4.804 seconds (JVM running for 6.329)
2022-04-30 17:17:48 [http-nio-8888-exec-1] INFO  o.a.c.c.C.[Tomcat].[localhost].[/] - Initializing Spring DispatcherServlet 'dispatcherServlet'
2022-04-30 17:17:48 [http-nio-8888-exec-1] INFO  o.s.web.servlet.DispatcherServlet - Initializing Servlet 'dispatcherServlet'
2022-04-30 17:17:48 [http-nio-8888-exec-1] INFO  o.s.web.servlet.DispatcherServlet - Completed initialization in 0 ms
2022-04-30 17:17:48 [http-nio-8888-exec-1] INFO  o.s.c.c.s.e.NativeEnvironmentRepository - Adding property source: Config resource 'class path resource [config/notification-manager-dev.yml]' via location 'classpath:/config/'
2022-04-30 17:17:50 [http-nio-8888-exec-2] INFO  o.s.c.c.s.e.NativeEnvironmentRepository - Adding property source: Config resource 'class path resource [config/notification-manager-dev.yml]' via location 'classpath:/config/'
2022-04-30 17:19:16 [http-nio-8888-exec-9] INFO  o.s.c.c.s.e.NativeEnvironmentRepository - Adding property source: Config resource 'class path resource [config/notification-manager-dev.yml]' via location 'classpath:/config/'
2022-04-30 17:19:17 [http-nio-8888-exec-6] INFO  o.s.c.c.s.e.NativeEnvironmentRepository - Adding property source: Config resource 'class path resource [config/notification-manager-dev.yml]' via location 'classpath:/config/'
2022-04-30 17:20:53 [http-nio-8888-exec-3] INFO  o.s.c.c.s.e.NativeEnvironmentRepository - Adding property source: Config resource 'class path resource [config/notification-manager-dev.yml]' via location 'classpath:/config/'
2022-04-30 17:20:55 [http-nio-8888-exec-10] INFO  o.s.c.c.s.e.NativeEnvironmentRepository - Adding property source: Config resource 'class path resource [config/notification-manager-dev.yml]' via location 'classpath:/config/'
2022-04-30 17:23:50 [http-nio-8888-exec-5] INFO  o.s.c.c.s.e.NativeEnvironmentRepository - Adding property source: Config resource 'class path resource [config/notification-manager-dev.yml]' via location 'classpath:/config/'
2022-04-30 17:23:52 [http-nio-8888-exec-7] INFO  o.s.c.c.s.e.NativeEnvironmentRepository - Adding property source: Config resource 'class path resource [config/notification-manager-dev.yml]' via location 'classpath:/config/'
2022-04-30 17:24:36 [main] INFO  c.m.demo.config.server.ConfigServer - Starting ConfigServer using Java 11.0.6 on AHMET-PC with PID 21600 (C:\development\assignment\poll-app-hexagonal\pollstack-demo\config-server\target\classes started by ahmet in C:\development\assignment\poll-app-hexagonal\pollstack-demo)
2022-04-30 17:24:36 [background-preinit] INFO  o.h.validator.internal.util.Version - HV000001: Hibernate Validator 6.2.3.Final
2022-04-30 17:24:36 [main] INFO  c.m.demo.config.server.ConfigServer - The following 2 profiles are active: "local", "native"
2022-04-30 17:24:36 [main] INFO  o.s.cloud.context.scope.GenericScope - BeanFactory id=91fb09b5-6906-35b5-aeb8-62cc0018aebc
2022-04-30 17:24:36 [main] INFO  o.s.b.w.e.tomcat.TomcatWebServer - Tomcat initialized with port(s): 8888 (http)
2022-04-30 17:24:36 [main] INFO  o.a.coyote.http11.Http11NioProtocol - Initializing ProtocolHandler ["http-nio-8888"]
2022-04-30 17:24:36 [main] INFO  o.a.catalina.core.StandardService - Starting service [Tomcat]
2022-04-30 17:24:36 [main] INFO  o.a.catalina.core.StandardEngine - Starting Servlet engine: [Apache Tomcat/9.0.60]
2022-04-30 17:24:37 [main] INFO  o.a.c.c.C.[Tomcat].[localhost].[/] - Initializing Spring embedded WebApplicationContext
2022-04-30 17:24:37 [main] INFO  o.s.b.w.s.c.ServletWebServerApplicationContext - Root WebApplicationContext: initialization completed in 971 ms
2022-04-30 17:24:38 [main] INFO  o.a.coyote.http11.Http11NioProtocol - Starting ProtocolHandler ["http-nio-8888"]
2022-04-30 17:24:38 [main] INFO  o.s.b.w.e.tomcat.TomcatWebServer - Tomcat started on port(s): 8888 (http) with context path ''
2022-04-30 17:24:39 [main] INFO  c.m.demo.config.server.ConfigServer - Started ConfigServer in 4.581 seconds (JVM running for 6.084)
2022-04-30 17:24:55 [http-nio-8888-exec-1] INFO  o.a.c.c.C.[Tomcat].[localhost].[/] - Initializing Spring DispatcherServlet 'dispatcherServlet'
2022-04-30 17:24:55 [http-nio-8888-exec-1] INFO  o.s.web.servlet.DispatcherServlet - Initializing Servlet 'dispatcherServlet'
2022-04-30 17:24:55 [http-nio-8888-exec-1] INFO  o.s.web.servlet.DispatcherServlet - Completed initialization in 1 ms
2022-04-30 17:24:55 [http-nio-8888-exec-1] INFO  o.s.c.c.s.e.NativeEnvironmentRepository - Adding property source: Config resource 'class path resource [config/notification-manager-dev.yml]' via location 'classpath:/config/'
2022-04-30 17:24:57 [http-nio-8888-exec-2] INFO  o.s.c.c.s.e.NativeEnvironmentRepository - Adding property source: Config resource 'class path resource [config/notification-manager-dev.yml]' via location 'classpath:/config/'
2022-04-30 17:28:51 [main] INFO  c.m.demo.config.server.ConfigServer - Starting ConfigServer using Java 11.0.6 on AHMET-PC with PID 22856 (C:\development\assignment\poll-app-hexagonal\pollstack-demo\config-server\target\classes started by ahmet in C:\development\assignment\poll-app-hexagonal\pollstack-demo)
2022-04-30 17:28:51 [background-preinit] INFO  o.h.validator.internal.util.Version - HV000001: Hibernate Validator 6.2.3.Final
2022-04-30 17:28:51 [main] INFO  c.m.demo.config.server.ConfigServer - The following 2 profiles are active: "local", "native"
2022-04-30 17:28:52 [main] INFO  o.s.cloud.context.scope.GenericScope - BeanFactory id=91fb09b5-6906-35b5-aeb8-62cc0018aebc
2022-04-30 17:28:52 [main] INFO  o.s.b.w.e.tomcat.TomcatWebServer - Tomcat initialized with port(s): 8888 (http)
2022-04-30 17:28:52 [main] INFO  o.a.coyote.http11.Http11NioProtocol - Initializing ProtocolHandler ["http-nio-8888"]
2022-04-30 17:28:52 [main] INFO  o.a.catalina.core.StandardService - Starting service [Tomcat]
2022-04-30 17:28:52 [main] INFO  o.a.catalina.core.StandardEngine - Starting Servlet engine: [Apache Tomcat/9.0.60]
2022-04-30 17:28:52 [main] INFO  o.a.c.c.C.[Tomcat].[localhost].[/] - Initializing Spring embedded WebApplicationContext
2022-04-30 17:28:52 [main] INFO  o.s.b.w.s.c.ServletWebServerApplicationContext - Root WebApplicationContext: initialization completed in 957 ms
2022-04-30 17:28:53 [main] INFO  o.a.coyote.http11.Http11NioProtocol - Starting ProtocolHandler ["http-nio-8888"]
2022-04-30 17:28:53 [main] INFO  o.s.b.w.e.tomcat.TomcatWebServer - Tomcat started on port(s): 8888 (http) with context path ''
2022-04-30 17:28:54 [main] INFO  c.m.demo.config.server.ConfigServer - Started ConfigServer in 4.58 seconds (JVM running for 6.06)
2022-04-30 17:29:12 [http-nio-8888-exec-1] INFO  o.a.c.c.C.[Tomcat].[localhost].[/] - Initializing Spring DispatcherServlet 'dispatcherServlet'
2022-04-30 17:29:12 [http-nio-8888-exec-1] INFO  o.s.web.servlet.DispatcherServlet - Initializing Servlet 'dispatcherServlet'
2022-04-30 17:29:12 [http-nio-8888-exec-1] INFO  o.s.web.servlet.DispatcherServlet - Completed initialization in 1 ms
2022-04-30 17:29:12 [http-nio-8888-exec-1] INFO  o.s.c.c.s.e.NativeEnvironmentRepository - Adding property source: Config resource 'class path resource [config/notification-manager-dev.yml]' via location 'classpath:/config/'
2022-04-30 17:29:13 [http-nio-8888-exec-3] INFO  o.s.c.c.s.e.NativeEnvironmentRepository - Adding property source: Config resource 'class path resource [config/notification-manager-dev.yml]' via location 'classpath:/config/'
2022-04-30 17:43:37 [http-nio-8888-exec-2] INFO  o.s.c.c.s.e.NativeEnvironmentRepository - Adding property source: Config resource 'class path resource [config/notification-manager-dev.yml]' via location 'classpath:/config/'
2022-04-30 17:43:38 [http-nio-8888-exec-6] INFO  o.s.c.c.s.e.NativeEnvironmentRepository - Adding property source: Config resource 'class path resource [config/notification-manager-dev.yml]' via location 'classpath:/config/'
2022-04-30 17:43:59 [http-nio-8888-exec-9] INFO  o.s.c.c.s.e.NativeEnvironmentRepository - Adding property source: Config resource 'class path resource [config/notification-manager-dev.yml]' via location 'classpath:/config/'
2022-04-30 17:44:00 [http-nio-8888-exec-7] INFO  o.s.c.c.s.e.NativeEnvironmentRepository - Adding property source: Config resource 'class path resource [config/notification-manager-dev.yml]' via location 'classpath:/config/'
2022-04-30 17:45:55 [http-nio-8888-exec-5] INFO  o.s.c.c.s.e.NativeEnvironmentRepository - Adding property source: Config resource 'class path resource [config/notification-manager-dev.yml]' via location 'classpath:/config/'
2022-04-30 17:45:56 [http-nio-8888-exec-4] INFO  o.s.c.c.s.e.NativeEnvironmentRepository - Adding property source: Config resource 'class path resource [config/notification-manager-dev.yml]' via location 'classpath:/config/'
2022-04-30 17:58:31 [http-nio-8888-exec-10] INFO  o.s.c.c.s.e.NativeEnvironmentRepository - Adding property source: Config resource 'class path resource [config/notification-manager-dev.yml]' via location 'classpath:/config/'
2022-04-30 17:58:32 [http-nio-8888-exec-8] INFO  o.s.c.c.s.e.NativeEnvironmentRepository - Adding property source: Config resource 'class path resource [config/notification-manager-dev.yml]' via location 'classpath:/config/'
2022-04-30 18:03:54 [http-nio-8888-exec-1] INFO  o.s.c.c.s.e.NativeEnvironmentRepository - Adding property source: Config resource 'class path resource [config/notification-manager-dev.yml]' via location 'classpath:/config/'
2022-04-30 18:03:55 [http-nio-8888-exec-3] INFO  o.s.c.c.s.e.NativeEnvironmentRepository - Adding property source: Config resource 'class path resource [config/notification-manager-dev.yml]' via location 'classpath:/config/'
2022-04-30 18:07:06 [http-nio-8888-exec-2] INFO  o.s.c.c.s.e.NativeEnvironmentRepository - Adding property source: Config resource 'class path resource [config/notification-manager-dev.yml]' via location 'classpath:/config/'
2022-04-30 18:07:07 [http-nio-8888-exec-6] INFO  o.s.c.c.s.e.NativeEnvironmentRepository - Adding property source: Config resource 'class path resource [config/notification-manager-dev.yml]' via location 'classpath:/config/'
2022-04-30 18:07:54 [http-nio-8888-exec-9] INFO  o.s.c.c.s.e.NativeEnvironmentRepository - Adding property source: Config resource 'class path resource [config/notification-manager-dev.yml]' via location 'classpath:/config/'
2022-04-30 18:07:55 [http-nio-8888-exec-7] INFO  o.s.c.c.s.e.NativeEnvironmentRepository - Adding property source: Config resource 'class path resource [config/notification-manager-dev.yml]' via location 'classpath:/config/'
2022-04-30 18:26:35 [main] INFO  c.m.demo.config.server.ConfigServer - Starting ConfigServer using Java 11.0.6 on AHMET-PC with PID 22280 (C:\development\assignment\poll-app-hexagonal\pollstack-demo\config-server\target\classes started by ahmet in C:\development\assignment\poll-app-hexagonal\pollstack-demo)
2022-04-30 18:26:35 [background-preinit] INFO  o.h.validator.internal.util.Version - HV000001: Hibernate Validator 6.2.3.Final
2022-04-30 18:26:35 [main] INFO  c.m.demo.config.server.ConfigServer - The following 2 profiles are active: "local", "native"
2022-04-30 18:26:35 [main] INFO  o.s.cloud.context.scope.GenericScope - BeanFactory id=91fb09b5-6906-35b5-aeb8-62cc0018aebc
2022-04-30 18:26:36 [main] INFO  o.s.b.w.e.tomcat.TomcatWebServer - Tomcat initialized with port(s): 8888 (http)
2022-04-30 18:26:36 [main] INFO  o.a.coyote.http11.Http11NioProtocol - Initializing ProtocolHandler ["http-nio-8888"]
2022-04-30 18:26:36 [main] INFO  o.a.catalina.core.StandardService - Starting service [Tomcat]
2022-04-30 18:26:36 [main] INFO  o.a.catalina.core.StandardEngine - Starting Servlet engine: [Apache Tomcat/9.0.60]
2022-04-30 18:26:36 [main] INFO  o.a.c.c.C.[Tomcat].[localhost].[/] - Initializing Spring embedded WebApplicationContext
2022-04-30 18:26:36 [main] INFO  o.s.b.w.s.c.ServletWebServerApplicationContext - Root WebApplicationContext: initialization completed in 945 ms
2022-04-30 18:26:37 [main] INFO  o.a.coyote.http11.Http11NioProtocol - Starting ProtocolHandler ["http-nio-8888"]
2022-04-30 18:26:37 [main] INFO  o.s.b.w.e.tomcat.TomcatWebServer - Tomcat started on port(s): 8888 (http) with context path ''
2022-04-30 18:26:38 [main] INFO  c.m.demo.config.server.ConfigServer - Started ConfigServer in 4.607 seconds (JVM running for 6.073)
2022-04-30 18:27:10 [http-nio-8888-exec-1] INFO  o.a.c.c.C.[Tomcat].[localhost].[/] - Initializing Spring DispatcherServlet 'dispatcherServlet'
2022-04-30 18:27:10 [http-nio-8888-exec-1] INFO  o.s.web.servlet.DispatcherServlet - Initializing Servlet 'dispatcherServlet'
2022-04-30 18:27:10 [http-nio-8888-exec-1] INFO  o.s.web.servlet.DispatcherServlet - Completed initialization in 1 ms
2022-04-30 18:27:10 [http-nio-8888-exec-1] INFO  o.s.c.c.s.e.NativeEnvironmentRepository - Adding property source: Config resource 'class path resource [config/notification-manager-dev.yml]' via location 'classpath:/config/'
2022-04-30 18:27:11 [http-nio-8888-exec-2] INFO  o.s.c.c.s.e.NativeEnvironmentRepository - Adding property source: Config resource 'class path resource [config/notification-manager-dev.yml]' via location 'classpath:/config/'
2022-04-30 18:31:07 [http-nio-8888-exec-5] INFO  o.s.c.c.s.e.NativeEnvironmentRepository - Adding property source: Config resource 'class path resource [config/notification-manager-dev.yml]' via location 'classpath:/config/'
2022-04-30 18:31:08 [http-nio-8888-exec-9] INFO  o.s.c.c.s.e.NativeEnvironmentRepository - Adding property source: Config resource 'class path resource [config/notification-manager-dev.yml]' via location 'classpath:/config/'
2022-04-30 18:39:45 [http-nio-8888-exec-4] INFO  o.s.c.c.s.e.NativeEnvironmentRepository - Adding property source: Config resource 'class path resource [config/notification-manager-dev.yml]' via location 'classpath:/config/'
2022-04-30 18:39:47 [http-nio-8888-exec-10] INFO  o.s.c.c.s.e.NativeEnvironmentRepository - Adding property source: Config resource 'class path resource [config/notification-manager-dev.yml]' via location 'classpath:/config/'
2022-04-30 18:44:58 [main] INFO  c.m.demo.config.server.ConfigServer - Starting ConfigServer using Java 11.0.6 on AHMET-PC with PID 13880 (C:\development\assignment\poll-app-hexagonal\pollstack-demo\config-server\target\classes started by ahmet in C:\development\assignment\poll-app-hexagonal\pollstack-demo)
2022-04-30 18:44:58 [background-preinit] INFO  o.h.validator.internal.util.Version - HV000001: Hibernate Validator 6.2.3.Final
2022-04-30 18:44:58 [main] INFO  c.m.demo.config.server.ConfigServer - The following 2 profiles are active: "local", "native"
2022-04-30 18:44:59 [main] INFO  o.s.cloud.context.scope.GenericScope - BeanFactory id=91fb09b5-6906-35b5-aeb8-62cc0018aebc
2022-04-30 18:44:59 [main] INFO  o.s.b.w.e.tomcat.TomcatWebServer - Tomcat initialized with port(s): 8888 (http)
2022-04-30 18:44:59 [main] INFO  o.a.coyote.http11.Http11NioProtocol - Initializing ProtocolHandler ["http-nio-8888"]
2022-04-30 18:44:59 [main] INFO  o.a.catalina.core.StandardService - Starting service [Tomcat]
2022-04-30 18:44:59 [main] INFO  o.a.catalina.core.StandardEngine - Starting Servlet engine: [Apache Tomcat/9.0.60]
2022-04-30 18:44:59 [main] INFO  o.a.c.c.C.[Tomcat].[localhost].[/] - Initializing Spring embedded WebApplicationContext
2022-04-30 18:44:59 [main] INFO  o.s.b.w.s.c.ServletWebServerApplicationContext - Root WebApplicationContext: initialization completed in 931 ms
2022-04-30 18:45:00 [main] INFO  o.a.coyote.http11.Http11NioProtocol - Starting ProtocolHandler ["http-nio-8888"]
2022-04-30 18:45:00 [main] INFO  o.s.b.w.e.tomcat.TomcatWebServer - Tomcat started on port(s): 8888 (http) with context path ''
2022-04-30 18:45:01 [main] INFO  c.m.demo.config.server.ConfigServer - Started ConfigServer in 4.475 seconds (JVM running for 5.868)
2022-04-30 18:45:21 [http-nio-8888-exec-1] INFO  o.a.c.c.C.[Tomcat].[localhost].[/] - Initializing Spring DispatcherServlet 'dispatcherServlet'
2022-04-30 18:45:21 [http-nio-8888-exec-1] INFO  o.s.web.servlet.DispatcherServlet - Initializing Servlet 'dispatcherServlet'
2022-04-30 18:45:21 [http-nio-8888-exec-1] INFO  o.s.web.servlet.DispatcherServlet - Completed initialization in 0 ms
2022-04-30 18:45:21 [http-nio-8888-exec-1] INFO  o.s.c.c.s.e.NativeEnvironmentRepository - Adding property source: Config resource 'class path resource [config/notification-manager-dev.yml]' via location 'classpath:/config/'
2022-04-30 18:45:22 [http-nio-8888-exec-2] INFO  o.s.c.c.s.e.NativeEnvironmentRepository - Adding property source: Config resource 'class path resource [config/notification-manager-dev.yml]' via location 'classpath:/config/'
2022-04-30 18:55:45 [main] INFO  c.m.demo.config.server.ConfigServer - Starting ConfigServer using Java 11.0.6 on AHMET-PC with PID 11204 (C:\development\assignment\poll-app-hexagonal\pollstack-demo\config-server\target\classes started by ahmet in C:\development\assignment\poll-app-hexagonal\pollstack-demo)
2022-04-30 18:55:45 [background-preinit] INFO  o.h.validator.internal.util.Version - HV000001: Hibernate Validator 6.2.3.Final
2022-04-30 18:55:45 [main] INFO  c.m.demo.config.server.ConfigServer - The following 2 profiles are active: "local", "native"
2022-04-30 18:55:45 [main] INFO  o.s.cloud.context.scope.GenericScope - BeanFactory id=91fb09b5-6906-35b5-aeb8-62cc0018aebc
2022-04-30 18:55:46 [main] INFO  o.s.b.w.e.tomcat.TomcatWebServer - Tomcat initialized with port(s): 8888 (http)
2022-04-30 18:55:46 [main] INFO  o.a.coyote.http11.Http11NioProtocol - Initializing ProtocolHandler ["http-nio-8888"]
2022-04-30 18:55:46 [main] INFO  o.a.catalina.core.StandardService - Starting service [Tomcat]
2022-04-30 18:55:46 [main] INFO  o.a.catalina.core.StandardEngine - Starting Servlet engine: [Apache Tomcat/9.0.60]
2022-04-30 18:55:46 [main] INFO  o.a.c.c.C.[Tomcat].[localhost].[/] - Initializing Spring embedded WebApplicationContext
2022-04-30 18:55:46 [main] INFO  o.s.b.w.s.c.ServletWebServerApplicationContext - Root WebApplicationContext: initialization completed in 938 ms
2022-04-30 18:55:47 [main] INFO  o.a.coyote.http11.Http11NioProtocol - Starting ProtocolHandler ["http-nio-8888"]
2022-04-30 18:55:47 [main] INFO  o.s.b.w.e.tomcat.TomcatWebServer - Tomcat started on port(s): 8888 (http) with context path ''
2022-04-30 18:55:48 [main] INFO  c.m.demo.config.server.ConfigServer - Started ConfigServer in 4.503 seconds (JVM running for 6.051)
2022-04-30 18:56:02 [http-nio-8888-exec-1] INFO  o.a.c.c.C.[Tomcat].[localhost].[/] - Initializing Spring DispatcherServlet 'dispatcherServlet'
2022-04-30 18:56:02 [http-nio-8888-exec-1] INFO  o.s.web.servlet.DispatcherServlet - Initializing Servlet 'dispatcherServlet'
2022-04-30 18:56:02 [http-nio-8888-exec-1] INFO  o.s.web.servlet.DispatcherServlet - Completed initialization in 1 ms
2022-04-30 18:56:02 [http-nio-8888-exec-1] INFO  o.s.c.c.s.e.NativeEnvironmentRepository - Adding property source: Config resource 'class path resource [config/notification-manager-dev.yml]' via location 'classpath:/config/'
2022-04-30 18:56:03 [http-nio-8888-exec-3] INFO  o.s.c.c.s.e.NativeEnvironmentRepository - Adding property source: Config resource 'class path resource [config/notification-manager-dev.yml]' via location 'classpath:/config/'
2022-04-30 18:57:46 [main] INFO  c.m.demo.config.server.ConfigServer - Starting ConfigServer using Java 11.0.6 on AHMET-PC with PID 18808 (C:\development\assignment\poll-app-hexagonal\pollstack-demo\config-server\target\classes started by ahmet in C:\development\assignment\poll-app-hexagonal\pollstack-demo)
2022-04-30 18:57:46 [background-preinit] INFO  o.h.validator.internal.util.Version - HV000001: Hibernate Validator 6.2.3.Final
2022-04-30 18:57:46 [main] INFO  c.m.demo.config.server.ConfigServer - The following 2 profiles are active: "local", "native"
2022-04-30 18:57:47 [main] INFO  o.s.cloud.context.scope.GenericScope - BeanFactory id=91fb09b5-6906-35b5-aeb8-62cc0018aebc
2022-04-30 18:57:47 [main] INFO  o.s.b.w.e.tomcat.TomcatWebServer - Tomcat initialized with port(s): 8888 (http)
2022-04-30 18:57:47 [main] INFO  o.a.coyote.http11.Http11NioProtocol - Initializing ProtocolHandler ["http-nio-8888"]
2022-04-30 18:57:47 [main] INFO  o.a.catalina.core.StandardService - Starting service [Tomcat]
2022-04-30 18:57:47 [main] INFO  o.a.catalina.core.StandardEngine - Starting Servlet engine: [Apache Tomcat/9.0.60]
2022-04-30 18:57:47 [main] INFO  o.a.c.c.C.[Tomcat].[localhost].[/] - Initializing Spring embedded WebApplicationContext
2022-04-30 18:57:47 [main] INFO  o.s.b.w.s.c.ServletWebServerApplicationContext - Root WebApplicationContext: initialization completed in 935 ms
2022-04-30 18:57:48 [main] INFO  o.a.coyote.http11.Http11NioProtocol - Starting ProtocolHandler ["http-nio-8888"]
2022-04-30 18:57:48 [main] INFO  o.s.b.w.e.tomcat.TomcatWebServer - Tomcat started on port(s): 8888 (http) with context path ''
2022-04-30 18:57:49 [main] INFO  c.m.demo.config.server.ConfigServer - Started ConfigServer in 4.557 seconds (JVM running for 5.965)
2022-04-30 18:58:04 [http-nio-8888-exec-1] INFO  o.a.c.c.C.[Tomcat].[localhost].[/] - Initializing Spring DispatcherServlet 'dispatcherServlet'
2022-04-30 18:58:04 [http-nio-8888-exec-1] INFO  o.s.web.servlet.DispatcherServlet - Initializing Servlet 'dispatcherServlet'
2022-04-30 18:58:04 [http-nio-8888-exec-1] INFO  o.s.web.servlet.DispatcherServlet - Completed initialization in 1 ms
2022-04-30 18:58:04 [http-nio-8888-exec-1] INFO  o.s.c.c.s.e.NativeEnvironmentRepository - Adding property source: Config resource 'class path resource [config/notification-manager-dev.yml]' via location 'classpath:/config/'
2022-04-30 18:58:06 [http-nio-8888-exec-2] INFO  o.s.c.c.s.e.NativeEnvironmentRepository - Adding property source: Config resource 'class path resource [config/notification-manager-dev.yml]' via location 'classpath:/config/'
2022-04-30 18:59:32 [background-preinit] INFO  o.h.validator.internal.util.Version - HV000001: Hibernate Validator 6.2.3.Final
2022-04-30 18:59:32 [main] INFO  c.m.demo.config.server.ConfigServer - Starting ConfigServer using Java 11.0.6 on AHMET-PC with PID 21636 (C:\development\assignment\poll-app-hexagonal\pollstack-demo\config-server\target\classes started by ahmet in C:\development\assignment\poll-app-hexagonal\pollstack-demo)
2022-04-30 18:59:32 [main] INFO  c.m.demo.config.server.ConfigServer - The following 2 profiles are active: "local", "native"
2022-04-30 18:59:33 [main] INFO  o.s.cloud.context.scope.GenericScope - BeanFactory id=91fb09b5-6906-35b5-aeb8-62cc0018aebc
2022-04-30 18:59:33 [main] INFO  o.s.b.w.e.tomcat.TomcatWebServer - Tomcat initialized with port(s): 8888 (http)
2022-04-30 18:59:33 [main] INFO  o.a.coyote.http11.Http11NioProtocol - Initializing ProtocolHandler ["http-nio-8888"]
2022-04-30 18:59:33 [main] INFO  o.a.catalina.core.StandardService - Starting service [Tomcat]
2022-04-30 18:59:33 [main] INFO  o.a.catalina.core.StandardEngine - Starting Servlet engine: [Apache Tomcat/9.0.60]
2022-04-30 18:59:33 [main] INFO  o.a.c.c.C.[Tomcat].[localhost].[/] - Initializing Spring embedded WebApplicationContext
2022-04-30 18:59:33 [main] INFO  o.s.b.w.s.c.ServletWebServerApplicationContext - Root WebApplicationContext: initialization completed in 952 ms
2022-04-30 18:59:34 [main] INFO  o.a.coyote.http11.Http11NioProtocol - Starting ProtocolHandler ["http-nio-8888"]
2022-04-30 18:59:34 [main] INFO  o.s.b.w.e.tomcat.TomcatWebServer - Tomcat started on port(s): 8888 (http) with context path ''
2022-04-30 18:59:35 [main] INFO  c.m.demo.config.server.ConfigServer - Started ConfigServer in 4.598 seconds (JVM running for 6.104)
2022-04-30 18:59:49 [http-nio-8888-exec-1] INFO  o.a.c.c.C.[Tomcat].[localhost].[/] - Initializing Spring DispatcherServlet 'dispatcherServlet'
2022-04-30 18:59:49 [http-nio-8888-exec-1] INFO  o.s.web.servlet.DispatcherServlet - Initializing Servlet 'dispatcherServlet'
2022-04-30 18:59:49 [http-nio-8888-exec-1] INFO  o.s.web.servlet.DispatcherServlet - Completed initialization in 0 ms
2022-04-30 18:59:49 [http-nio-8888-exec-1] INFO  o.s.c.c.s.e.NativeEnvironmentRepository - Adding property source: Config resource 'class path resource [config/notification-manager-dev.yml]' via location 'classpath:/config/'
2022-04-30 18:59:50 [http-nio-8888-exec-3] INFO  o.s.c.c.s.e.NativeEnvironmentRepository - Adding property source: Config resource 'class path resource [config/notification-manager-dev.yml]' via location 'classpath:/config/'
2022-04-30 19:02:32 [main] INFO  c.m.demo.config.server.ConfigServer - Starting ConfigServer using Java 11.0.6 on AHMET-PC with PID 9576 (C:\development\assignment\poll-app-hexagonal\pollstack-demo\config-server\target\classes started by ahmet in C:\development\assignment\poll-app-hexagonal\pollstack-demo)
2022-04-30 19:02:32 [background-preinit] INFO  o.h.validator.internal.util.Version - HV000001: Hibernate Validator 6.2.3.Final
2022-04-30 19:02:32 [main] INFO  c.m.demo.config.server.ConfigServer - The following 2 profiles are active: "local", "native"
2022-04-30 19:02:33 [main] INFO  o.s.cloud.context.scope.GenericScope - BeanFactory id=91fb09b5-6906-35b5-aeb8-62cc0018aebc
2022-04-30 19:02:33 [main] INFO  o.s.b.w.e.tomcat.TomcatWebServer - Tomcat initialized with port(s): 8888 (http)
2022-04-30 19:02:33 [main] INFO  o.a.coyote.http11.Http11NioProtocol - Initializing ProtocolHandler ["http-nio-8888"]
2022-04-30 19:02:33 [main] INFO  o.a.catalina.core.StandardService - Starting service [Tomcat]
2022-04-30 19:02:33 [main] INFO  o.a.catalina.core.StandardEngine - Starting Servlet engine: [Apache Tomcat/9.0.60]
2022-04-30 19:02:33 [main] INFO  o.a.c.c.C.[Tomcat].[localhost].[/] - Initializing Spring embedded WebApplicationContext
2022-04-30 19:02:33 [main] INFO  o.s.b.w.s.c.ServletWebServerApplicationContext - Root WebApplicationContext: initialization completed in 959 ms
2022-04-30 19:02:35 [main] INFO  o.a.coyote.http11.Http11NioProtocol - Starting ProtocolHandler ["http-nio-8888"]
2022-04-30 19:02:35 [main] INFO  o.s.b.w.e.tomcat.TomcatWebServer - Tomcat started on port(s): 8888 (http) with context path ''
2022-04-30 19:02:36 [main] INFO  c.m.demo.config.server.ConfigServer - Started ConfigServer in 4.546 seconds (JVM running for 5.963)
2022-04-30 19:02:55 [http-nio-8888-exec-1] INFO  o.a.c.c.C.[Tomcat].[localhost].[/] - Initializing Spring DispatcherServlet 'dispatcherServlet'
2022-04-30 19:02:55 [http-nio-8888-exec-1] INFO  o.s.web.servlet.DispatcherServlet - Initializing Servlet 'dispatcherServlet'
2022-04-30 19:02:55 [http-nio-8888-exec-1] INFO  o.s.web.servlet.DispatcherServlet - Completed initialization in 1 ms
2022-04-30 19:02:55 [http-nio-8888-exec-1] INFO  o.s.c.c.s.e.NativeEnvironmentRepository - Adding property source: Config resource 'class path resource [config/notification-manager-dev.yml]' via location 'classpath:/config/'
2022-04-30 19:02:57 [http-nio-8888-exec-3] INFO  o.s.c.c.s.e.NativeEnvironmentRepository - Adding property source: Config resource 'class path resource [config/notification-manager-dev.yml]' via location 'classpath:/config/'
2022-04-30 19:06:25 [background-preinit] INFO  o.h.validator.internal.util.Version - HV000001: Hibernate Validator 6.2.3.Final
2022-04-30 19:06:25 [main] INFO  c.m.demo.config.server.ConfigServer - Starting ConfigServer using Java 11.0.6 on AHMET-PC with PID 8184 (C:\development\assignment\poll-app-hexagonal\pollstack-demo\config-server\target\classes started by ahmet in C:\development\assignment\poll-app-hexagonal\pollstack-demo)
2022-04-30 19:06:25 [main] INFO  c.m.demo.config.server.ConfigServer - The following 2 profiles are active: "local", "native"
2022-04-30 19:06:26 [main] INFO  o.s.cloud.context.scope.GenericScope - BeanFactory id=91fb09b5-6906-35b5-aeb8-62cc0018aebc
2022-04-30 19:06:26 [main] INFO  o.s.b.w.e.tomcat.TomcatWebServer - Tomcat initialized with port(s): 8888 (http)
2022-04-30 19:06:26 [main] INFO  o.a.coyote.http11.Http11NioProtocol - Initializing ProtocolHandler ["http-nio-8888"]
2022-04-30 19:06:26 [main] INFO  o.a.catalina.core.StandardService - Starting service [Tomcat]
2022-04-30 19:06:26 [main] INFO  o.a.catalina.core.StandardEngine - Starting Servlet engine: [Apache Tomcat/9.0.60]
2022-04-30 19:06:26 [main] INFO  o.a.c.c.C.[Tomcat].[localhost].[/] - Initializing Spring embedded WebApplicationContext
2022-04-30 19:06:26 [main] INFO  o.s.b.w.s.c.ServletWebServerApplicationContext - Root WebApplicationContext: initialization completed in 929 ms
2022-04-30 19:06:27 [main] INFO  o.a.coyote.http11.Http11NioProtocol - Starting ProtocolHandler ["http-nio-8888"]
2022-04-30 19:06:27 [main] INFO  o.s.b.w.e.tomcat.TomcatWebServer - Tomcat started on port(s): 8888 (http) with context path ''
2022-04-30 19:06:28 [main] INFO  c.m.demo.config.server.ConfigServer - Started ConfigServer in 4.5 seconds (JVM running for 5.953)
2022-04-30 19:06:47 [http-nio-8888-exec-1] INFO  o.a.c.c.C.[Tomcat].[localhost].[/] - Initializing Spring DispatcherServlet 'dispatcherServlet'
2022-04-30 19:06:47 [http-nio-8888-exec-1] INFO  o.s.web.servlet.DispatcherServlet - Initializing Servlet 'dispatcherServlet'
2022-04-30 19:06:47 [http-nio-8888-exec-1] INFO  o.s.web.servlet.DispatcherServlet - Completed initialization in 0 ms
2022-04-30 19:06:47 [http-nio-8888-exec-1] INFO  o.s.c.c.s.e.NativeEnvironmentRepository - Adding property source: Config resource 'class path resource [config/notification-manager-dev.yml]' via location 'classpath:/config/'
2022-04-30 19:06:48 [http-nio-8888-exec-3] INFO  o.s.c.c.s.e.NativeEnvironmentRepository - Adding property source: Config resource 'class path resource [config/notification-manager-dev.yml]' via location 'classpath:/config/'
2022-04-30 19:11:04 [http-nio-8888-exec-2] INFO  o.s.c.c.s.e.NativeEnvironmentRepository - Adding property source: Config resource 'class path resource [config/notification-manager-dev.yml]' via location 'classpath:/config/'
2022-04-30 19:11:05 [http-nio-8888-exec-10] INFO  o.s.c.c.s.e.NativeEnvironmentRepository - Adding property source: Config resource 'class path resource [config/notification-manager-dev.yml]' via location 'classpath:/config/'
2022-04-30 19:18:39 [http-nio-8888-exec-9] INFO  o.s.c.c.s.e.NativeEnvironmentRepository - Adding property source: Config resource 'class path resource [config/notification-manager-dev.yml]' via location 'classpath:/config/'
2022-04-30 19:18:40 [http-nio-8888-exec-6] INFO  o.s.c.c.s.e.NativeEnvironmentRepository - Adding property source: Config resource 'class path resource [config/notification-manager-dev.yml]' via location 'classpath:/config/'
2022-04-30 19:20:18 [http-nio-8888-exec-5] INFO  o.s.c.c.s.e.NativeEnvironmentRepository - Adding property source: Config resource 'class path resource [config/notification-manager-dev.yml]' via location 'classpath:/config/'
2022-04-30 19:20:19 [http-nio-8888-exec-7] INFO  o.s.c.c.s.e.NativeEnvironmentRepository - Adding property source: Config resource 'class path resource [config/notification-manager-dev.yml]' via location 'classpath:/config/'
2022-04-30 19:23:56 [background-preinit] INFO  o.h.validator.internal.util.Version - HV000001: Hibernate Validator 6.2.3.Final
2022-04-30 19:23:56 [main] INFO  c.m.demo.config.server.ConfigServer - Starting ConfigServer using Java 11.0.6 on AHMET-PC with PID 7208 (C:\development\assignment\poll-app-hexagonal\pollstack-demo\config-server\target\classes started by ahmet in C:\development\assignment\poll-app-hexagonal\pollstack-demo)
2022-04-30 19:23:56 [main] INFO  c.m.demo.config.server.ConfigServer - The following 2 profiles are active: "local", "native"
2022-04-30 19:23:56 [main] INFO  o.s.cloud.context.scope.GenericScope - BeanFactory id=91fb09b5-6906-35b5-aeb8-62cc0018aebc
2022-04-30 19:23:56 [main] INFO  o.s.b.w.e.tomcat.TomcatWebServer - Tomcat initialized with port(s): 8888 (http)
2022-04-30 19:23:57 [main] INFO  o.a.coyote.http11.Http11NioProtocol - Initializing ProtocolHandler ["http-nio-8888"]
2022-04-30 19:23:57 [main] INFO  o.a.catalina.core.StandardService - Starting service [Tomcat]
2022-04-30 19:23:57 [main] INFO  o.a.catalina.core.StandardEngine - Starting Servlet engine: [Apache Tomcat/9.0.60]
2022-04-30 19:23:57 [main] INFO  o.a.c.c.C.[Tomcat].[localhost].[/] - Initializing Spring embedded WebApplicationContext
2022-04-30 19:23:57 [main] INFO  o.s.b.w.s.c.ServletWebServerApplicationContext - Root WebApplicationContext: initialization completed in 1000 ms
2022-04-30 19:23:58 [main] INFO  o.a.coyote.http11.Http11NioProtocol - Starting ProtocolHandler ["http-nio-8888"]
2022-04-30 19:23:58 [main] INFO  o.s.b.w.e.tomcat.TomcatWebServer - Tomcat started on port(s): 8888 (http) with context path ''
2022-04-30 19:23:59 [main] INFO  c.m.demo.config.server.ConfigServer - Started ConfigServer in 4.644 seconds (JVM running for 6.576)
2022-04-30 19:24:17 [http-nio-8888-exec-1] INFO  o.a.c.c.C.[Tomcat].[localhost].[/] - Initializing Spring DispatcherServlet 'dispatcherServlet'
2022-04-30 19:24:17 [http-nio-8888-exec-1] INFO  o.s.web.servlet.DispatcherServlet - Initializing Servlet 'dispatcherServlet'
2022-04-30 19:24:17 [http-nio-8888-exec-1] INFO  o.s.web.servlet.DispatcherServlet - Completed initialization in 1 ms
2022-04-30 19:24:17 [http-nio-8888-exec-1] INFO  o.s.c.c.s.e.NativeEnvironmentRepository - Adding property source: Config resource 'class path resource [config/notification-manager-dev.yml]' via location 'classpath:/config/'
2022-04-30 19:24:18 [http-nio-8888-exec-3] INFO  o.s.c.c.s.e.NativeEnvironmentRepository - Adding property source: Config resource 'class path resource [config/notification-manager-dev.yml]' via location 'classpath:/config/'
2022-04-30 19:24:59 [background-preinit] INFO  o.h.validator.internal.util.Version - HV000001: Hibernate Validator 6.2.3.Final
2022-04-30 19:24:59 [main] INFO  c.m.demo.config.server.ConfigServer - Starting ConfigServer using Java 11.0.6 on AHMET-PC with PID 3272 (C:\development\assignment\poll-app-hexagonal\pollstack-demo\config-server\target\classes started by ahmet in C:\development\assignment\poll-app-hexagonal\pollstack-demo)
2022-04-30 19:24:59 [main] INFO  c.m.demo.config.server.ConfigServer - The following 2 profiles are active: "local", "native"
2022-04-30 19:25:00 [main] INFO  o.s.cloud.context.scope.GenericScope - BeanFactory id=91fb09b5-6906-35b5-aeb8-62cc0018aebc
2022-04-30 19:25:00 [main] INFO  o.s.b.w.e.tomcat.TomcatWebServer - Tomcat initialized with port(s): 8888 (http)
2022-04-30 19:25:00 [main] INFO  o.a.coyote.http11.Http11NioProtocol - Initializing ProtocolHandler ["http-nio-8888"]
2022-04-30 19:25:00 [main] INFO  o.a.catalina.core.StandardService - Starting service [Tomcat]
2022-04-30 19:25:00 [main] INFO  o.a.catalina.core.StandardEngine - Starting Servlet engine: [Apache Tomcat/9.0.60]
2022-04-30 19:25:00 [main] INFO  o.a.c.c.C.[Tomcat].[localhost].[/] - Initializing Spring embedded WebApplicationContext
2022-04-30 19:25:00 [main] INFO  o.s.b.w.s.c.ServletWebServerApplicationContext - Root WebApplicationContext: initialization completed in 974 ms
2022-04-30 19:25:01 [main] INFO  o.a.coyote.http11.Http11NioProtocol - Starting ProtocolHandler ["http-nio-8888"]
2022-04-30 19:25:01 [main] INFO  o.s.b.w.e.tomcat.TomcatWebServer - Tomcat started on port(s): 8888 (http) with context path ''
2022-04-30 19:25:02 [main] INFO  c.m.demo.config.server.ConfigServer - Started ConfigServer in 4.618 seconds (JVM running for 6.232)
2022-04-30 19:25:14 [http-nio-8888-exec-1] INFO  o.a.c.c.C.[Tomcat].[localhost].[/] - Initializing Spring DispatcherServlet 'dispatcherServlet'
2022-04-30 19:25:14 [http-nio-8888-exec-1] INFO  o.s.web.servlet.DispatcherServlet - Initializing Servlet 'dispatcherServlet'
2022-04-30 19:25:14 [http-nio-8888-exec-1] INFO  o.s.web.servlet.DispatcherServlet - Completed initialization in 1 ms
2022-04-30 19:25:14 [http-nio-8888-exec-1] INFO  o.s.c.c.s.e.NativeEnvironmentRepository - Adding property source: Config resource 'class path resource [config/notification-manager-dev.yml]' via location 'classpath:/config/'
2022-04-30 19:25:16 [http-nio-8888-exec-2] INFO  o.s.c.c.s.e.NativeEnvironmentRepository - Adding property source: Config resource 'class path resource [config/notification-manager-dev.yml]' via location 'classpath:/config/'
2022-04-30 19:31:34 [main] INFO  c.m.demo.config.server.ConfigServer - Starting ConfigServer using Java 11.0.6 on AHMET-PC with PID 16592 (C:\development\assignment\poll-app-hexagonal\pollstack-demo\config-server\target\classes started by ahmet in C:\development\assignment\poll-app-hexagonal\pollstack-demo)
2022-04-30 19:31:34 [background-preinit] INFO  o.h.validator.internal.util.Version - HV000001: Hibernate Validator 6.2.3.Final
2022-04-30 19:31:35 [main] INFO  c.m.demo.config.server.ConfigServer - The following 2 profiles are active: "local", "native"
2022-04-30 19:31:35 [main] INFO  o.s.cloud.context.scope.GenericScope - BeanFactory id=91fb09b5-6906-35b5-aeb8-62cc0018aebc
2022-04-30 19:31:35 [main] INFO  o.s.b.w.e.tomcat.TomcatWebServer - Tomcat initialized with port(s): 8888 (http)
2022-04-30 19:31:35 [main] INFO  o.a.coyote.http11.Http11NioProtocol - Initializing ProtocolHandler ["http-nio-8888"]
2022-04-30 19:31:35 [main] INFO  o.a.catalina.core.StandardService - Starting service [Tomcat]
2022-04-30 19:31:35 [main] INFO  o.a.catalina.core.StandardEngine - Starting Servlet engine: [Apache Tomcat/9.0.60]
2022-04-30 19:31:36 [main] INFO  o.a.c.c.C.[Tomcat].[localhost].[/] - Initializing Spring embedded WebApplicationContext
2022-04-30 19:31:36 [main] INFO  o.s.b.w.s.c.ServletWebServerApplicationContext - Root WebApplicationContext: initialization completed in 988 ms
2022-04-30 19:31:37 [main] INFO  o.a.coyote.http11.Http11NioProtocol - Starting ProtocolHandler ["http-nio-8888"]
2022-04-30 19:31:37 [main] INFO  o.s.b.w.e.tomcat.TomcatWebServer - Tomcat started on port(s): 8888 (http) with context path ''
2022-04-30 19:31:38 [main] INFO  c.m.demo.config.server.ConfigServer - Started ConfigServer in 4.689 seconds (JVM running for 6.23)
2022-04-30 19:31:59 [http-nio-8888-exec-1] INFO  o.a.c.c.C.[Tomcat].[localhost].[/] - Initializing Spring DispatcherServlet 'dispatcherServlet'
2022-04-30 19:31:59 [http-nio-8888-exec-1] INFO  o.s.web.servlet.DispatcherServlet - Initializing Servlet 'dispatcherServlet'
2022-04-30 19:31:59 [http-nio-8888-exec-1] INFO  o.s.web.servlet.DispatcherServlet - Completed initialization in 1 ms
2022-04-30 19:31:59 [http-nio-8888-exec-1] INFO  o.s.c.c.s.e.NativeEnvironmentRepository - Adding property source: Config resource 'class path resource [config/notification-manager-dev.yml]' via location 'classpath:/config/'
2022-04-30 19:32:00 [http-nio-8888-exec-2] INFO  o.s.c.c.s.e.NativeEnvironmentRepository - Adding property source: Config resource 'class path resource [config/notification-manager-dev.yml]' via location 'classpath:/config/'
2022-04-30 19:35:51 [http-nio-8888-exec-7] INFO  o.s.c.c.s.e.NativeEnvironmentRepository - Adding property source: Config resource 'class path resource [config/notification-manager-dev.yml]' via location 'classpath:/config/'
2022-04-30 19:35:52 [http-nio-8888-exec-6] INFO  o.s.c.c.s.e.NativeEnvironmentRepository - Adding property source: Config resource 'class path resource [config/notification-manager-dev.yml]' via location 'classpath:/config/'
2022-04-30 19:36:56 [main] INFO  c.m.demo.config.server.ConfigServer - Starting ConfigServer using Java 11.0.6 on AHMET-PC with PID 20756 (C:\development\assignment\poll-app-hexagonal\pollstack-demo\config-server\target\classes started by ahmet in C:\development\assignment\poll-app-hexagonal\pollstack-demo)
2022-04-30 19:36:56 [background-preinit] INFO  o.h.validator.internal.util.Version - HV000001: Hibernate Validator 6.2.3.Final
2022-04-30 19:36:56 [main] INFO  c.m.demo.config.server.ConfigServer - The following 2 profiles are active: "local", "native"
2022-04-30 19:36:56 [main] INFO  o.s.cloud.context.scope.GenericScope - BeanFactory id=91fb09b5-6906-35b5-aeb8-62cc0018aebc
2022-04-30 19:36:57 [main] INFO  o.s.b.w.e.tomcat.TomcatWebServer - Tomcat initialized with port(s): 8888 (http)
2022-04-30 19:36:57 [main] INFO  o.a.coyote.http11.Http11NioProtocol - Initializing ProtocolHandler ["http-nio-8888"]
2022-04-30 19:36:57 [main] INFO  o.a.catalina.core.StandardService - Starting service [Tomcat]
2022-04-30 19:36:57 [main] INFO  o.a.catalina.core.StandardEngine - Starting Servlet engine: [Apache Tomcat/9.0.60]
2022-04-30 19:36:57 [main] INFO  o.a.c.c.C.[Tomcat].[localhost].[/] - Initializing Spring embedded WebApplicationContext
2022-04-30 19:36:57 [main] INFO  o.s.b.w.s.c.ServletWebServerApplicationContext - Root WebApplicationContext: initialization completed in 954 ms
2022-04-30 19:36:58 [main] INFO  o.a.coyote.http11.Http11NioProtocol - Starting ProtocolHandler ["http-nio-8888"]
2022-04-30 19:36:58 [main] INFO  o.s.b.w.e.tomcat.TomcatWebServer - Tomcat started on port(s): 8888 (http) with context path ''
2022-04-30 19:36:59 [main] INFO  c.m.demo.config.server.ConfigServer - Started ConfigServer in 4.603 seconds (JVM running for 6.144)
2022-04-30 19:37:12 [http-nio-8888-exec-1] INFO  o.a.c.c.C.[Tomcat].[localhost].[/] - Initializing Spring DispatcherServlet 'dispatcherServlet'
2022-04-30 19:37:12 [http-nio-8888-exec-1] INFO  o.s.web.servlet.DispatcherServlet - Initializing Servlet 'dispatcherServlet'
2022-04-30 19:37:12 [http-nio-8888-exec-1] INFO  o.s.web.servlet.DispatcherServlet - Completed initialization in 0 ms
2022-04-30 19:37:12 [http-nio-8888-exec-1] INFO  o.s.c.c.s.e.NativeEnvironmentRepository - Adding property source: Config resource 'class path resource [config/notification-manager-dev.yml]' via location 'classpath:/config/'
2022-04-30 19:37:13 [http-nio-8888-exec-2] INFO  o.s.c.c.s.e.NativeEnvironmentRepository - Adding property source: Config resource 'class path resource [config/notification-manager-dev.yml]' via location 'classpath:/config/'
2022-04-30 19:38:19 [background-preinit] INFO  o.h.validator.internal.util.Version - HV000001: Hibernate Validator 6.2.3.Final
2022-04-30 19:38:19 [main] INFO  c.m.demo.config.server.ConfigServer - Starting ConfigServer using Java 11.0.6 on AHMET-PC with PID 8596 (C:\development\assignment\poll-app-hexagonal\pollstack-demo\config-server\target\classes started by ahmet in C:\development\assignment\poll-app-hexagonal\pollstack-demo)
2022-04-30 19:38:19 [main] INFO  c.m.demo.config.server.ConfigServer - The following 2 profiles are active: "local", "native"
2022-04-30 19:38:20 [main] INFO  o.s.cloud.context.scope.GenericScope - BeanFactory id=91fb09b5-6906-35b5-aeb8-62cc0018aebc
2022-04-30 19:38:20 [main] INFO  o.s.b.w.e.tomcat.TomcatWebServer - Tomcat initialized with port(s): 8888 (http)
2022-04-30 19:38:20 [main] INFO  o.a.coyote.http11.Http11NioProtocol - Initializing ProtocolHandler ["http-nio-8888"]
2022-04-30 19:38:20 [main] INFO  o.a.catalina.core.StandardService - Starting service [Tomcat]
2022-04-30 19:38:20 [main] INFO  o.a.catalina.core.StandardEngine - Starting Servlet engine: [Apache Tomcat/9.0.60]
2022-04-30 19:38:20 [main] INFO  o.a.c.c.C.[Tomcat].[localhost].[/] - Initializing Spring embedded WebApplicationContext
2022-04-30 19:38:20 [main] INFO  o.s.b.w.s.c.ServletWebServerApplicationContext - Root WebApplicationContext: initialization completed in 980 ms
2022-04-30 19:38:22 [main] INFO  o.a.coyote.http11.Http11NioProtocol - Starting ProtocolHandler ["http-nio-8888"]
2022-04-30 19:38:22 [main] INFO  o.s.b.w.e.tomcat.TomcatWebServer - Tomcat started on port(s): 8888 (http) with context path ''
2022-04-30 19:38:22 [main] INFO  c.m.demo.config.server.ConfigServer - Started ConfigServer in 4.56 seconds (JVM running for 6.184)
2022-04-30 19:38:46 [http-nio-8888-exec-1] INFO  o.a.c.c.C.[Tomcat].[localhost].[/] - Initializing Spring DispatcherServlet 'dispatcherServlet'
2022-04-30 19:38:46 [http-nio-8888-exec-1] INFO  o.s.web.servlet.DispatcherServlet - Initializing Servlet 'dispatcherServlet'
2022-04-30 19:38:46 [http-nio-8888-exec-1] INFO  o.s.web.servlet.DispatcherServlet - Completed initialization in 0 ms
2022-04-30 19:38:46 [http-nio-8888-exec-1] INFO  o.s.c.c.s.e.NativeEnvironmentRepository - Adding property source: Config resource 'class path resource [config/notification-manager-dev.yml]' via location 'classpath:/config/'
2022-04-30 19:38:48 [http-nio-8888-exec-3] INFO  o.s.c.c.s.e.NativeEnvironmentRepository - Adding property source: Config resource 'class path resource [config/notification-manager-dev.yml]' via location 'classpath:/config/'
