2022-05-01 13:16:23 [background-preinit] INFO  o.h.validator.internal.util.Version - HV000001: Hibernate Validator 6.2.3.Final
2022-05-01 13:16:23 [main] INFO  o.s.b.c.config.ConfigDataLoader - Fetching config from server at : http://localhost:8888
2022-05-01 13:16:23 [main] INFO  o.s.b.c.config.ConfigDataLoader - Connect Timeout Exception on Url - http://localhost:8888. Will be trying the next url if available
2022-05-01 13:16:23 [main] WARN  o.s.b.c.config.ConfigDataLoader - Could not locate PropertySource ([ConfigServerConfigDataResource@5f84abe8 uris = array<String>['http://localhost:8888'], optional = true, profiles = list['dev']]): I/O error on GET request for "http://localhost:8888/cloud-gateway/dev": Connection refused: connect; nested exception is java.net.ConnectException: Connection refused: connect
2022-05-01 13:16:27 [main] INFO  o.s.c.c.c.ConfigServicePropertySourceLocator - Fetching config from server at : http://localhost:8888
2022-05-01 13:16:28 [main] INFO  o.s.c.c.c.ConfigServicePropertySourceLocator - Located environment: name=cloud-gateway, profiles=[default], label=null, version=null, state=null
2022-05-01 13:16:28 [main] INFO  o.s.c.b.c.PropertySourceBootstrapConfiguration - Located property source: [BootstrapPropertySource {name='bootstrapProperties-configClient'}]
2022-05-01 13:16:28 [main] INFO  c.m.d.g.CloudGatewayApplication - The following 1 profile is active: "dev"
2022-05-01 13:16:28 [main] INFO  o.s.b.c.config.ConfigDataLoader - Fetching config from server at : http://localhost:8888
2022-05-01 13:16:28 [main] INFO  o.s.b.c.config.ConfigDataLoader - Connect Timeout Exception on Url - http://localhost:8888. Will be trying the next url if available
2022-05-01 13:16:28 [main] WARN  o.s.b.c.config.ConfigDataLoader - Could not locate PropertySource ([ConfigServerConfigDataResource@249e0271 uris = array<String>['http://localhost:8888'], optional = true, profiles = list['dev']]): I/O error on GET request for "http://localhost:8888/cloud-gateway/dev": Connection refused: connect; nested exception is java.net.ConnectException: Connection refused: connect
2022-05-01 13:16:29 [main] INFO  o.s.cloud.context.scope.GenericScope - BeanFactory id=c229655f-d524-3820-8532-2f737940909e
2022-05-01 13:16:30 [main] WARN  o.s.b.w.r.c.AnnotationConfigReactiveWebServerApplicationContext - Exception encountered during context initialization - cancelling refresh attempt: org.springframework.beans.factory.BeanCreationException: Error creating bean with name 'securityConfig': Injection of autowired dependencies failed; nested exception is java.lang.IllegalArgumentException: Could not resolve placeholder 'keycloak.realm' in value "${keycloak.realm}"
2022-05-01 13:16:30 [main] WARN  o.s.b.f.s.DisposableBeanAdapter - Invocation of destroy method failed on bean with name 'reactorServerResourceFactory': org.springframework.beans.factory.BeanCreationNotAllowedException: Error creating bean with name 'braveTracer': Singleton bean creation not allowed while singletons of this factory are in destruction (Do not request a bean from a BeanFactory in a destroy method implementation!)
2022-05-01 13:16:30 [main] INFO  o.s.b.a.l.ConditionEvaluationReportLoggingListener - 

Error starting ApplicationContext. To display the conditions report re-run your application with 'debug' enabled.
2022-05-01 13:16:30 [main] ERROR o.s.boot.SpringApplication - Application run failed
org.springframework.beans.factory.BeanCreationException: Error creating bean with name 'securityConfig': Injection of autowired dependencies failed; nested exception is java.lang.IllegalArgumentException: Could not resolve placeholder 'keycloak.realm' in value "${keycloak.realm}"
	at org.springframework.beans.factory.annotation.AutowiredAnnotationBeanPostProcessor.postProcessProperties(AutowiredAnnotationBeanPostProcessor.java:405)
	at org.springframework.beans.factory.support.AbstractAutowireCapableBeanFactory.populateBean(AbstractAutowireCapableBeanFactory.java:1431)
	at org.springframework.beans.factory.support.AbstractAutowireCapableBeanFactory.doCreateBean(AbstractAutowireCapableBeanFactory.java:619)
	at org.springframework.beans.factory.support.AbstractAutowireCapableBeanFactory.createBean(AbstractAutowireCapableBeanFactory.java:542)
	at org.springframework.beans.factory.support.AbstractBeanFactory.lambda$doGetBean$0(AbstractBeanFactory.java:335)
	at org.springframework.beans.factory.support.DefaultSingletonBeanRegistry.getSingleton(DefaultSingletonBeanRegistry.java:234)
	at org.springframework.beans.factory.support.AbstractBeanFactory.doGetBean(AbstractBeanFactory.java:333)
	at org.springframework.beans.factory.support.AbstractBeanFactory.getBean(AbstractBeanFactory.java:208)
	at org.springframework.beans.factory.support.DefaultListableBeanFactory.preInstantiateSingletons(DefaultListableBeanFactory.java:953)
	at org.springframework.context.support.AbstractApplicationContext.finishBeanFactoryInitialization(AbstractApplicationContext.java:918)
	at org.springframework.context.support.AbstractApplicationContext.refresh(AbstractApplicationContext.java:583)
	at org.springframework.boot.web.reactive.context.ReactiveWebServerApplicationContext.refresh(ReactiveWebServerApplicationContext.java:64)
	at org.springframework.boot.SpringApplication.refresh(SpringApplication.java:740)
	at org.springframework.boot.SpringApplication.refreshContext(SpringApplication.java:415)
	at org.springframework.boot.SpringApplication.run(SpringApplication.java:303)
	at org.springframework.boot.SpringApplication.run(SpringApplication.java:1312)
	at org.springframework.boot.SpringApplication.run(SpringApplication.java:1301)
	at com.mak.demo.gateway.CloudGatewayApplication.main(CloudGatewayApplication.java:10)
Caused by: java.lang.IllegalArgumentException: Could not resolve placeholder 'keycloak.realm' in value "${keycloak.realm}"
	at org.springframework.util.PropertyPlaceholderHelper.parseStringValue(PropertyPlaceholderHelper.java:180)
	at org.springframework.util.PropertyPlaceholderHelper.replacePlaceholders(PropertyPlaceholderHelper.java:126)
	at org.springframework.core.env.AbstractPropertyResolver.doResolvePlaceholders(AbstractPropertyResolver.java:239)
	at org.springframework.core.env.AbstractPropertyResolver.resolveRequiredPlaceholders(AbstractPropertyResolver.java:210)
	at org.springframework.context.support.PropertySourcesPlaceholderConfigurer.lambda$processProperties$0(PropertySourcesPlaceholderConfigurer.java:191)
	at org.springframework.beans.factory.support.AbstractBeanFactory.resolveEmbeddedValue(AbstractBeanFactory.java:936)
	at org.springframework.beans.factory.support.DefaultListableBeanFactory.doResolveDependency(DefaultListableBeanFactory.java:1330)
	at org.springframework.beans.factory.support.DefaultListableBeanFactory.resolveDependency(DefaultListableBeanFactory.java:1309)
	at org.springframework.beans.factory.annotation.AutowiredAnnotationBeanPostProcessor$AutowiredFieldElement.resolveFieldValue(AutowiredAnnotationBeanPostProcessor.java:656)
	at org.springframework.beans.factory.annotation.AutowiredAnnotationBeanPostProcessor$AutowiredFieldElement.inject(AutowiredAnnotationBeanPostProcessor.java:639)
	at org.springframework.beans.factory.annotation.InjectionMetadata.inject(InjectionMetadata.java:119)
	at org.springframework.beans.factory.annotation.AutowiredAnnotationBeanPostProcessor.postProcessProperties(AutowiredAnnotationBeanPostProcessor.java:399)
	... 17 common frames omitted
2022-05-01 13:16:54 [background-preinit] INFO  o.h.validator.internal.util.Version - HV000001: Hibernate Validator 6.2.3.Final
2022-05-01 13:16:54 [main] INFO  o.s.b.c.config.ConfigDataLoader - Fetching config from server at : http://localhost:8888
2022-05-01 13:16:54 [main] INFO  o.s.b.c.config.ConfigDataLoader - Located environment: name=cloud-gateway, profiles=[dev], label=null, version=null, state=null
2022-05-01 13:16:55 [main] INFO  o.s.c.c.c.ConfigServicePropertySourceLocator - Fetching config from server at : http://localhost:8888
2022-05-01 13:16:55 [main] INFO  o.s.c.c.c.ConfigServicePropertySourceLocator - Located environment: name=cloud-gateway, profiles=[default], label=null, version=null, state=null
2022-05-01 13:16:55 [main] INFO  o.s.c.b.c.PropertySourceBootstrapConfiguration - Located property source: [BootstrapPropertySource {name='bootstrapProperties-configClient'}]
2022-05-01 13:16:55 [main] INFO  c.m.d.g.CloudGatewayApplication - The following 1 profile is active: "dev"
2022-05-01 13:16:55 [main] INFO  o.s.b.c.config.ConfigDataLoader - Fetching config from server at : http://localhost:8888
2022-05-01 13:16:55 [main] INFO  o.s.b.c.config.ConfigDataLoader - Located environment: name=cloud-gateway, profiles=[dev], label=null, version=null, state=null
2022-05-01 13:16:56 [main] INFO  o.s.cloud.context.scope.GenericScope - BeanFactory id=d58e6baa-ece3-3886-bb87-98521d8a21d5
2022-05-01 13:17:00 [main] INFO  o.s.c.g.r.RouteDefinitionRouteLocator - Loaded RoutePredicateFactory [After]
2022-05-01 13:17:00 [main] INFO  o.s.c.g.r.RouteDefinitionRouteLocator - Loaded RoutePredicateFactory [Before]
2022-05-01 13:17:00 [main] INFO  o.s.c.g.r.RouteDefinitionRouteLocator - Loaded RoutePredicateFactory [Between]
2022-05-01 13:17:00 [main] INFO  o.s.c.g.r.RouteDefinitionRouteLocator - Loaded RoutePredicateFactory [Cookie]
2022-05-01 13:17:00 [main] INFO  o.s.c.g.r.RouteDefinitionRouteLocator - Loaded RoutePredicateFactory [Header]
2022-05-01 13:17:00 [main] INFO  o.s.c.g.r.RouteDefinitionRouteLocator - Loaded RoutePredicateFactory [Host]
2022-05-01 13:17:00 [main] INFO  o.s.c.g.r.RouteDefinitionRouteLocator - Loaded RoutePredicateFactory [Method]
2022-05-01 13:17:00 [main] INFO  o.s.c.g.r.RouteDefinitionRouteLocator - Loaded RoutePredicateFactory [Path]
2022-05-01 13:17:00 [main] INFO  o.s.c.g.r.RouteDefinitionRouteLocator - Loaded RoutePredicateFactory [Query]
2022-05-01 13:17:00 [main] INFO  o.s.c.g.r.RouteDefinitionRouteLocator - Loaded RoutePredicateFactory [ReadBody]
2022-05-01 13:17:00 [main] INFO  o.s.c.g.r.RouteDefinitionRouteLocator - Loaded RoutePredicateFactory [RemoteAddr]
2022-05-01 13:17:00 [main] INFO  o.s.c.g.r.RouteDefinitionRouteLocator - Loaded RoutePredicateFactory [Weight]
2022-05-01 13:17:00 [main] INFO  o.s.c.g.r.RouteDefinitionRouteLocator - Loaded RoutePredicateFactory [CloudFoundryRouteService]
2022-05-01 13:17:01 [main] INFO  o.s.b.a.e.web.EndpointLinksResolver - Exposing 27 endpoint(s) beneath base path '/actuator'
2022-05-01 13:17:04 [main] INFO  o.s.b.w.e.netty.NettyWebServer - Netty started on port 9090
2022-05-01 13:17:06 [main] INFO  c.m.d.g.CloudGatewayApplication - Started CloudGatewayApplication in 13.917 seconds (JVM running for 16.708)
